mode: atomic
github.com/ashtanko/go-algorithms/effective_go/concurrency/counter/counter.go:10.25,14.2 3 1003
github.com/ashtanko/go-algorithms/effective_go/concurrency/counter/counter.go:16.31,18.2 1 2
github.com/ashtanko/go-algorithms/effective_go/concurrency/counter/counter.go:20.28,22.2 1 2
github.com/ashtanko/go-algorithms/internal/add_one_row/add_one_row.go:7.62,8.12 1 2
github.com/ashtanko/go-algorithms/internal/add_one_row/add_one_row.go:15.2,15.38 1 2
github.com/ashtanko/go-algorithms/internal/add_one_row/add_one_row.go:8.12,14.3 1 0
github.com/ashtanko/go-algorithms/internal/add_one_row/add_one_row.go:18.76,19.17 1 30
github.com/ashtanko/go-algorithms/internal/add_one_row/add_one_row.go:23.2,23.16 1 14
github.com/ashtanko/go-algorithms/internal/add_one_row/add_one_row.go:36.2,38.13 3 14
github.com/ashtanko/go-algorithms/internal/add_one_row/add_one_row.go:19.17,21.3 1 16
github.com/ashtanko/go-algorithms/internal/add_one_row/add_one_row.go:23.16,35.3 2 2
github.com/ashtanko/go-algorithms/ds/tree/tree.go:11.33,13.14 2 7
github.com/ashtanko/go-algorithms/ds/tree/tree.go:16.2,17.12 2 7
github.com/ashtanko/go-algorithms/ds/tree/tree.go:13.14,15.3 1 0
github.com/ashtanko/go-algorithms/ds/tree/tree.go:20.31,21.14 1 59
github.com/ashtanko/go-algorithms/ds/tree/tree.go:21.14,23.3 1 35
github.com/ashtanko/go-algorithms/ds/tree/tree.go:23.8,25.3 1 24
github.com/ashtanko/go-algorithms/ds/tree/tree.go:28.46,29.14 1 15
github.com/ashtanko/go-algorithms/ds/tree/tree.go:32.2,34.19 3 15
github.com/ashtanko/go-algorithms/ds/tree/tree.go:37.2,37.20 1 15
github.com/ashtanko/go-algorithms/ds/tree/tree.go:40.2,40.10 1 15
github.com/ashtanko/go-algorithms/ds/tree/tree.go:29.14,31.3 1 0
github.com/ashtanko/go-algorithms/ds/tree/tree.go:34.19,36.3 1 5
github.com/ashtanko/go-algorithms/ds/tree/tree.go:37.20,39.3 1 3
github.com/ashtanko/go-algorithms/ds/tree/tree.go:44.50,48.29 3 2
github.com/ashtanko/go-algorithms/ds/tree/tree.go:58.2,58.21 1 2
github.com/ashtanko/go-algorithms/ds/tree/tree.go:48.29,50.23 2 2
github.com/ashtanko/go-algorithms/ds/tree/tree.go:53.3,53.24 1 2
github.com/ashtanko/go-algorithms/ds/tree/tree.go:50.23,52.4 1 1
github.com/ashtanko/go-algorithms/ds/tree/tree.go:53.24,55.4 1 1
github.com/ashtanko/go-algorithms/ds/tree/tree.go:62.44,64.17 2 6
github.com/ashtanko/go-algorithms/ds/tree/tree.go:76.2,76.12 1 6
github.com/ashtanko/go-algorithms/ds/tree/tree.go:64.17,65.37 1 4
github.com/ashtanko/go-algorithms/ds/tree/tree.go:68.3,68.19 1 4
github.com/ashtanko/go-algorithms/ds/tree/tree.go:72.3,72.19 1 4
github.com/ashtanko/go-algorithms/ds/tree/tree.go:65.37,67.4 1 3
github.com/ashtanko/go-algorithms/ds/tree/tree.go:68.19,70.4 1 2
github.com/ashtanko/go-algorithms/ds/tree/tree.go:72.19,74.4 1 3
github.com/ashtanko/go-algorithms/ds/tree/tree.go:79.75,80.14 1 7
github.com/ashtanko/go-algorithms/ds/tree/tree.go:83.2,83.37 1 6
github.com/ashtanko/go-algorithms/ds/tree/tree.go:80.14,82.3 1 1
github.com/ashtanko/go-algorithms/ds/tree/tree.go:83.37,85.3 1 4
github.com/ashtanko/go-algorithms/ds/tree/tree.go:85.8,99.3 3 2
github.com/ashtanko/go-algorithms/internal/add_two_numbers/add_two_numbers.go:7.58,9.71 2 3
github.com/ashtanko/go-algorithms/internal/add_two_numbers/add_two_numbers.go:21.2,21.19 1 3
github.com/ashtanko/go-algorithms/internal/add_two_numbers/add_two_numbers.go:9.71,10.16 1 12
github.com/ashtanko/go-algorithms/internal/add_two_numbers/add_two_numbers.go:14.3,14.16 1 12
github.com/ashtanko/go-algorithms/internal/add_two_numbers/add_two_numbers.go:18.3,19.12 2 12
github.com/ashtanko/go-algorithms/internal/add_two_numbers/add_two_numbers.go:10.16,13.4 2 11
github.com/ashtanko/go-algorithms/internal/add_two_numbers/add_two_numbers.go:14.16,17.4 2 8
github.com/ashtanko/go-algorithms/design/patterns/strategy/strategy.go:23.84,32.2 1 2
github.com/ashtanko/go-algorithms/design/patterns/strategy/strategy.go:34.32,36.2 1 2
github.com/ashtanko/go-algorithms/design/patterns/strategy/strategy.go:38.46,40.2 1 1
github.com/ashtanko/go-algorithms/design/patterns/strategy/strategy.go:42.46,44.2 1 1
github.com/ashtanko/go-algorithms/ds/linked_list/concurrent/concurrent_linked_list.go:20.56,23.21 3 1025
github.com/ashtanko/go-algorithms/ds/linked_list/concurrent/concurrent_linked_list.go:35.2,36.19 2 1025
github.com/ashtanko/go-algorithms/ds/linked_list/concurrent/concurrent_linked_list.go:23.21,25.3 1 9
github.com/ashtanko/go-algorithms/ds/linked_list/concurrent/concurrent_linked_list.go:25.8,27.7 2 1016
github.com/ashtanko/go-algorithms/ds/linked_list/concurrent/concurrent_linked_list.go:33.3,33.19 1 1016
github.com/ashtanko/go-algorithms/ds/linked_list/concurrent/concurrent_linked_list.go:27.7,28.24 1 499564
github.com/ashtanko/go-algorithms/ds/linked_list/concurrent/concurrent_linked_list.go:31.4,31.20 1 498548
github.com/ashtanko/go-algorithms/ds/linked_list/concurrent/concurrent_linked_list.go:28.24,29.10 1 1016
github.com/ashtanko/go-algorithms/ds/linked_list/concurrent/concurrent_linked_list.go:39.69,43.27 3 1
github.com/ashtanko/go-algorithms/ds/linked_list/concurrent/concurrent_linked_list.go:46.2,47.12 2 1
github.com/ashtanko/go-algorithms/ds/linked_list/concurrent/concurrent_linked_list.go:52.2,54.14 3 0
github.com/ashtanko/go-algorithms/ds/linked_list/concurrent/concurrent_linked_list.go:58.2,61.12 4 0
github.com/ashtanko/go-algorithms/ds/linked_list/concurrent/concurrent_linked_list.go:43.27,45.3 1 0
github.com/ashtanko/go-algorithms/ds/linked_list/concurrent/concurrent_linked_list.go:47.12,51.3 3 1
github.com/ashtanko/go-algorithms/ds/linked_list/concurrent/concurrent_linked_list.go:54.14,57.3 2 0
github.com/ashtanko/go-algorithms/ds/linked_list/concurrent/concurrent_linked_list.go:64.49,68.2 3 2
github.com/ashtanko/go-algorithms/ds/linked_list/concurrent/concurrent_linked_list.go:70.45,71.21 1 7
github.com/ashtanko/go-algorithms/ds/linked_list/concurrent/concurrent_linked_list.go:74.2,79.6 5 6
github.com/ashtanko/go-algorithms/ds/linked_list/concurrent/concurrent_linked_list.go:87.2,87.13 1 6
github.com/ashtanko/go-algorithms/ds/linked_list/concurrent/concurrent_linked_list.go:71.21,73.3 1 1
github.com/ashtanko/go-algorithms/ds/linked_list/concurrent/concurrent_linked_list.go:79.6,80.38 1 1022
github.com/ashtanko/go-algorithms/ds/linked_list/concurrent/concurrent_linked_list.go:83.3,84.9 2 1016
github.com/ashtanko/go-algorithms/ds/linked_list/concurrent/concurrent_linked_list.go:80.38,81.9 1 6
github.com/ashtanko/go-algorithms/ds/linked_list/concurrent/concurrent_linked_list.go:90.50,97.6 6 2
github.com/ashtanko/go-algorithms/ds/linked_list/concurrent/concurrent_linked_list.go:105.2,105.19 1 2
github.com/ashtanko/go-algorithms/ds/linked_list/concurrent/concurrent_linked_list.go:97.6,98.18 1 8
github.com/ashtanko/go-algorithms/ds/linked_list/concurrent/concurrent_linked_list.go:101.3,103.19 3 6
github.com/ashtanko/go-algorithms/ds/linked_list/concurrent/concurrent_linked_list.go:98.18,99.9 1 2
github.com/ashtanko/go-algorithms/ds/linked_list/concurrent/concurrent_linked_list.go:108.57,112.2 3 1
github.com/ashtanko/go-algorithms/ds/deque/deque.go:3.24,5.2 1 7
github.com/ashtanko/go-algorithms/ds/deque/deque.go:11.40,14.2 2 13
github.com/ashtanko/go-algorithms/ds/deque/deque.go:16.42,18.2 1 3
github.com/ashtanko/go-algorithms/ds/deque/deque.go:20.35,21.15 1 1
github.com/ashtanko/go-algorithms/ds/deque/deque.go:24.2,24.19 1 1
github.com/ashtanko/go-algorithms/ds/deque/deque.go:21.15,23.3 1 1
github.com/ashtanko/go-algorithms/ds/deque/deque.go:27.37,29.15 2 1
github.com/ashtanko/go-algorithms/ds/deque/deque.go:32.2,32.19 1 1
github.com/ashtanko/go-algorithms/ds/deque/deque.go:29.15,31.3 1 1
github.com/ashtanko/go-algorithms/ds/deque/deque.go:35.28,37.2 1 1
github.com/ashtanko/go-algorithms/ds/deque/deque.go:39.32,41.2 1 2
github.com/ashtanko/go-algorithms/ds/linked_list/linked_list.go:24.38,25.20 1 2
github.com/ashtanko/go-algorithms/ds/linked_list/linked_list.go:29.2,30.49 2 1
github.com/ashtanko/go-algorithms/ds/linked_list/linked_list.go:35.2,35.14 1 1
github.com/ashtanko/go-algorithms/ds/linked_list/linked_list.go:25.20,27.3 1 1
github.com/ashtanko/go-algorithms/ds/linked_list/linked_list.go:30.49,34.3 3 3
github.com/ashtanko/go-algorithms/ds/linked_list/linked_list.go:38.39,39.17 1 2
github.com/ashtanko/go-algorithms/ds/linked_list/linked_list.go:43.2,44.18 2 1
github.com/ashtanko/go-algorithms/ds/linked_list/linked_list.go:48.2,48.14 1 1
github.com/ashtanko/go-algorithms/ds/linked_list/linked_list.go:39.17,41.3 1 1
github.com/ashtanko/go-algorithms/ds/linked_list/linked_list.go:44.18,47.3 2 4
github.com/ashtanko/go-algorithms/ds/linked_list/linked_list.go:51.46,52.14 1 2
github.com/ashtanko/go-algorithms/ds/linked_list/linked_list.go:56.2,60.18 3 2
github.com/ashtanko/go-algorithms/ds/linked_list/linked_list.go:65.2,65.15 1 2
github.com/ashtanko/go-algorithms/ds/linked_list/linked_list.go:52.14,54.3 1 0
github.com/ashtanko/go-algorithms/ds/linked_list/linked_list.go:60.18,63.3 2 3
github.com/ashtanko/go-algorithms/ds/linked_list/linked_list.go:68.46,73.19 2 30
github.com/ashtanko/go-algorithms/ds/linked_list/linked_list.go:76.2,80.20 3 30
github.com/ashtanko/go-algorithms/ds/linked_list/linked_list.go:83.2,83.12 1 30
github.com/ashtanko/go-algorithms/ds/linked_list/linked_list.go:73.19,75.3 1 20
github.com/ashtanko/go-algorithms/ds/linked_list/linked_list.go:80.20,82.3 1 44
github.com/ashtanko/go-algorithms/ds/linked_list/linked_list.go:86.47,88.2 0 1
github.com/ashtanko/go-algorithms/ds/linked_list/linked_list.go:90.39,93.18 3 4
github.com/ashtanko/go-algorithms/ds/linked_list/linked_list.go:97.2,97.19 1 4
github.com/ashtanko/go-algorithms/ds/linked_list/linked_list.go:93.18,96.3 2 9
github.com/ashtanko/go-algorithms/ds/linked_list/linked_list.go:100.45,103.18 3 3
github.com/ashtanko/go-algorithms/ds/linked_list/linked_list.go:107.2,107.19 1 3
github.com/ashtanko/go-algorithms/ds/linked_list/linked_list.go:103.18,106.3 2 6
github.com/ashtanko/go-algorithms/ds/linked_list/linked_list.go:110.33,113.18 3 3
github.com/ashtanko/go-algorithms/ds/linked_list/linked_list.go:117.2,117.13 1 3
github.com/ashtanko/go-algorithms/ds/linked_list/linked_list.go:113.18,116.3 2 12
github.com/ashtanko/go-algorithms/ds/linked_list/linked_list.go:120.32,125.18 4 1
github.com/ashtanko/go-algorithms/ds/linked_list/linked_list.go:131.2,131.15 1 1
github.com/ashtanko/go-algorithms/ds/linked_list/linked_list.go:125.18,130.3 4 3
github.com/ashtanko/go-algorithms/internal/advantage_shuffle/advantage_shuffle.go:8.45,18.22 8 2
github.com/ashtanko/go-algorithms/internal/advantage_shuffle/advantage_shuffle.go:22.2,24.28 3 2
github.com/ashtanko/go-algorithms/internal/advantage_shuffle/advantage_shuffle.go:33.2,34.30 2 2
github.com/ashtanko/go-algorithms/internal/advantage_shuffle/advantage_shuffle.go:42.2,42.12 1 2
github.com/ashtanko/go-algorithms/internal/advantage_shuffle/advantage_shuffle.go:18.22,20.3 1 8
github.com/ashtanko/go-algorithms/internal/advantage_shuffle/advantage_shuffle.go:24.28,25.21 1 8
github.com/ashtanko/go-algorithms/internal/advantage_shuffle/advantage_shuffle.go:25.21,28.4 2 7
github.com/ashtanko/go-algorithms/internal/advantage_shuffle/advantage_shuffle.go:28.9,30.4 1 1
github.com/ashtanko/go-algorithms/internal/advantage_shuffle/advantage_shuffle.go:34.30,36.22 2 8
github.com/ashtanko/go-algorithms/internal/advantage_shuffle/advantage_shuffle.go:36.22,38.4 1 7
github.com/ashtanko/go-algorithms/internal/advantage_shuffle/advantage_shuffle.go:38.9,40.4 1 1
github.com/ashtanko/go-algorithms/internal/array_nesting/array_nesting.go:3.35,5.33 2 1
github.com/ashtanko/go-algorithms/internal/array_nesting/array_nesting.go:14.2,14.16 1 1
github.com/ashtanko/go-algorithms/internal/array_nesting/array_nesting.go:5.33,7.37 2 7
github.com/ashtanko/go-algorithms/internal/array_nesting/array_nesting.go:10.3,10.21 1 7
github.com/ashtanko/go-algorithms/internal/array_nesting/array_nesting.go:7.37,9.4 1 7
github.com/ashtanko/go-algorithms/internal/array_nesting/array_nesting.go:10.21,12.4 1 1
github.com/ashtanko/go-algorithms/internal/array_permutations/array_permutations.go:3.34,6.58 3 3
github.com/ashtanko/go-algorithms/internal/array_permutations/array_permutations.go:30.2,31.33 2 3
github.com/ashtanko/go-algorithms/internal/array_permutations/array_permutations.go:34.2,34.12 1 3
github.com/ashtanko/go-algorithms/internal/array_permutations/array_permutations.go:6.58,8.20 1 37
github.com/ashtanko/go-algorithms/internal/array_permutations/array_permutations.go:12.3,14.16 2 20
github.com/ashtanko/go-algorithms/internal/array_permutations/array_permutations.go:18.3,20.26 3 20
github.com/ashtanko/go-algorithms/internal/array_permutations/array_permutations.go:24.3,24.34 1 11
github.com/ashtanko/go-algorithms/internal/array_permutations/array_permutations.go:27.3,27.13 1 11
github.com/ashtanko/go-algorithms/internal/array_permutations/array_permutations.go:8.20,10.4 1 17
github.com/ashtanko/go-algorithms/internal/array_permutations/array_permutations.go:14.16,16.4 1 20
github.com/ashtanko/go-algorithms/internal/array_permutations/array_permutations.go:20.26,23.4 2 9
github.com/ashtanko/go-algorithms/internal/array_permutations/array_permutations.go:24.34,26.4 1 31
github.com/ashtanko/go-algorithms/internal/array_permutations/array_permutations.go:31.33,33.3 1 6
github.com/ashtanko/go-algorithms/internal/average_of_levels/average_of_levels.go:7.53,9.17 2 2
github.com/ashtanko/go-algorithms/internal/average_of_levels/average_of_levels.go:13.2,17.21 3 1
github.com/ashtanko/go-algorithms/internal/average_of_levels/average_of_levels.go:21.2,21.12 1 1
github.com/ashtanko/go-algorithms/internal/average_of_levels/average_of_levels.go:9.17,11.3 1 1
github.com/ashtanko/go-algorithms/internal/average_of_levels/average_of_levels.go:17.21,20.3 2 2
github.com/ashtanko/go-algorithms/internal/average_of_levels/average_of_levels.go:24.31,27.26 3 3
github.com/ashtanko/go-algorithms/internal/average_of_levels/average_of_levels.go:30.2,31.12 2 3
github.com/ashtanko/go-algorithms/internal/average_of_levels/average_of_levels.go:27.26,29.3 1 5
github.com/ashtanko/go-algorithms/internal/check_array/check_array.go:3.29,5.33 2 7
github.com/ashtanko/go-algorithms/internal/check_array/check_array.go:13.2,13.13 1 6
github.com/ashtanko/go-algorithms/internal/check_array/check_array.go:5.33,6.38 1 20
github.com/ashtanko/go-algorithms/internal/check_array/check_array.go:9.3,9.12 1 20
github.com/ashtanko/go-algorithms/internal/check_array/check_array.go:6.38,8.4 1 6
github.com/ashtanko/go-algorithms/internal/check_array/check_array.go:9.12,11.4 1 1
github.com/ashtanko/go-algorithms/internal/count_complete_tree_nodes/count_complete_tree_nodes.go:5.42,7.17 2 2
github.com/ashtanko/go-algorithms/internal/count_complete_tree_nodes/count_complete_tree_nodes.go:11.2,14.17 3 2
github.com/ashtanko/go-algorithms/internal/count_complete_tree_nodes/count_complete_tree_nodes.go:32.2,32.12 1 2
github.com/ashtanko/go-algorithms/internal/count_complete_tree_nodes/count_complete_tree_nodes.go:7.17,9.3 1 0
github.com/ashtanko/go-algorithms/internal/count_complete_tree_nodes/count_complete_tree_nodes.go:14.17,17.35 2 4
github.com/ashtanko/go-algorithms/internal/count_complete_tree_nodes/count_complete_tree_nodes.go:17.35,22.24 4 7
github.com/ashtanko/go-algorithms/internal/count_complete_tree_nodes/count_complete_tree_nodes.go:26.4,26.25 1 7
github.com/ashtanko/go-algorithms/internal/count_complete_tree_nodes/count_complete_tree_nodes.go:22.24,24.5 1 3
github.com/ashtanko/go-algorithms/internal/count_complete_tree_nodes/count_complete_tree_nodes.go:26.25,28.5 1 2
github.com/ashtanko/go-algorithms/internal/count_matches/count_matches.go:9.75,11.57 2 3
github.com/ashtanko/go-algorithms/internal/count_matches/count_matches.go:15.2,21.28 2 2
github.com/ashtanko/go-algorithms/internal/count_matches/count_matches.go:27.2,27.12 1 2
github.com/ashtanko/go-algorithms/internal/count_matches/count_matches.go:11.57,13.3 1 1
github.com/ashtanko/go-algorithms/internal/count_matches/count_matches.go:21.28,22.38 1 6
github.com/ashtanko/go-algorithms/internal/count_matches/count_matches.go:22.38,24.4 1 3
github.com/ashtanko/go-algorithms/internal/delete_nodes/delete_nodes.go:7.58,8.17 1 4
github.com/ashtanko/go-algorithms/internal/delete_nodes/delete_nodes.go:12.2,14.6 2 4
github.com/ashtanko/go-algorithms/internal/delete_nodes/delete_nodes.go:8.17,10.3 1 0
github.com/ashtanko/go-algorithms/internal/delete_nodes/delete_nodes.go:14.6,15.28 1 12
github.com/ashtanko/go-algorithms/internal/delete_nodes/delete_nodes.go:22.3,23.26 2 12
github.com/ashtanko/go-algorithms/internal/delete_nodes/delete_nodes.go:29.3,31.30 2 12
github.com/ashtanko/go-algorithms/internal/delete_nodes/delete_nodes.go:34.3,34.33 1 8
github.com/ashtanko/go-algorithms/internal/delete_nodes/delete_nodes.go:15.28,16.31 1 9
github.com/ashtanko/go-algorithms/internal/delete_nodes/delete_nodes.go:19.4,19.34 1 9
github.com/ashtanko/go-algorithms/internal/delete_nodes/delete_nodes.go:16.31,18.5 1 0
github.com/ashtanko/go-algorithms/internal/delete_nodes/delete_nodes.go:23.26,24.29 1 26
github.com/ashtanko/go-algorithms/internal/delete_nodes/delete_nodes.go:27.4,27.30 1 22
github.com/ashtanko/go-algorithms/internal/delete_nodes/delete_nodes.go:24.29,25.10 1 4
github.com/ashtanko/go-algorithms/internal/delete_nodes/delete_nodes.go:31.30,33.4 1 4
github.com/ashtanko/go-algorithms/internal/distribute_candies/distribute_candies.go:8.45,11.74 3 3
github.com/ashtanko/go-algorithms/internal/distribute_candies/distribute_candies.go:16.2,16.73 1 3
github.com/ashtanko/go-algorithms/internal/distribute_candies/distribute_candies.go:11.74,12.37 1 11
github.com/ashtanko/go-algorithms/internal/distribute_candies/distribute_candies.go:12.37,14.4 1 4
github.com/ashtanko/go-algorithms/internal/edit_distance/edit_distance.go:5.50,7.14 2 2
github.com/ashtanko/go-algorithms/internal/edit_distance/edit_distance.go:10.2,11.26 2 2
github.com/ashtanko/go-algorithms/internal/edit_distance/edit_distance.go:15.2,15.27 1 2
github.com/ashtanko/go-algorithms/internal/edit_distance/edit_distance.go:19.2,19.27 1 2
github.com/ashtanko/go-algorithms/internal/edit_distance/edit_distance.go:23.2,23.27 1 2
github.com/ashtanko/go-algorithms/internal/edit_distance/edit_distance.go:34.2,34.21 1 2
github.com/ashtanko/go-algorithms/internal/edit_distance/edit_distance.go:7.14,9.3 1 0
github.com/ashtanko/go-algorithms/internal/edit_distance/edit_distance.go:11.26,13.3 1 16
github.com/ashtanko/go-algorithms/internal/edit_distance/edit_distance.go:15.27,17.3 1 16
github.com/ashtanko/go-algorithms/internal/edit_distance/edit_distance.go:19.27,21.3 1 14
github.com/ashtanko/go-algorithms/internal/edit_distance/edit_distance.go:23.27,24.28 1 14
github.com/ashtanko/go-algorithms/internal/edit_distance/edit_distance.go:24.28,28.32 4 96
github.com/ashtanko/go-algorithms/internal/edit_distance/edit_distance.go:31.4,31.61 1 96
github.com/ashtanko/go-algorithms/internal/edit_distance/edit_distance.go:28.32,30.5 1 83
github.com/ashtanko/go-algorithms/internal/encode_decode_tiny_url/encode_decode_tiny_url.go:12.26,14.2 1 1
github.com/ashtanko/go-algorithms/internal/encode_decode_tiny_url/encode_decode_tiny_url.go:17.47,21.2 3 1
github.com/ashtanko/go-algorithms/internal/encode_decode_tiny_url/encode_decode_tiny_url.go:24.48,27.16 3 1
github.com/ashtanko/go-algorithms/internal/encode_decode_tiny_url/encode_decode_tiny_url.go:30.2,30.21 1 1
github.com/ashtanko/go-algorithms/internal/encode_decode_tiny_url/encode_decode_tiny_url.go:27.16,29.3 1 0
github.com/ashtanko/go-algorithms/internal/fibonacci_number/fibonacci_number.go:6.27,7.12 1 19
github.com/ashtanko/go-algorithms/internal/fibonacci_number/fibonacci_number.go:10.2,10.40 1 7
github.com/ashtanko/go-algorithms/internal/fibonacci_number/fibonacci_number.go:7.12,9.3 1 12
github.com/ashtanko/go-algorithms/internal/fibonacci_number/fibonacci_number.go:14.26,15.12 1 5
github.com/ashtanko/go-algorithms/internal/fibonacci_number/fibonacci_number.go:18.2,18.27 1 3
github.com/ashtanko/go-algorithms/internal/fibonacci_number/fibonacci_number.go:15.12,17.3 1 2
github.com/ashtanko/go-algorithms/internal/fibonacci_number/fibonacci_number.go:21.33,23.26 2 3
github.com/ashtanko/go-algorithms/internal/fibonacci_number/fibonacci_number.go:26.2,26.17 1 3
github.com/ashtanko/go-algorithms/internal/fibonacci_number/fibonacci_number.go:23.26,25.3 1 6
github.com/ashtanko/go-algorithms/internal/fibonacci_number/fibonacci_number.go:32.25,33.12 1 5
github.com/ashtanko/go-algorithms/internal/fibonacci_number/fibonacci_number.go:36.2,36.26 1 3
github.com/ashtanko/go-algorithms/internal/fibonacci_number/fibonacci_number.go:33.12,35.3 1 2
github.com/ashtanko/go-algorithms/internal/fibonacci_number/fibonacci_number.go:39.32,40.27 1 12
github.com/ashtanko/go-algorithms/internal/fibonacci_number/fibonacci_number.go:43.2,44.26 2 3
github.com/ashtanko/go-algorithms/internal/fibonacci_number/fibonacci_number.go:40.27,42.3 1 9
github.com/ashtanko/go-algorithms/internal/fibonacci_number/fibonacci_number.go:48.25,51.2 2 5
github.com/ashtanko/go-algorithms/internal/frequency_sort/frequency_sort.go:5.38,7.27 2 3
github.com/ashtanko/go-algorithms/internal/frequency_sort/frequency_sort.go:10.2,10.39 1 3
github.com/ashtanko/go-algorithms/internal/frequency_sort/frequency_sort.go:16.2,16.13 1 3
github.com/ashtanko/go-algorithms/internal/frequency_sort/frequency_sort.go:7.27,9.3 1 20
github.com/ashtanko/go-algorithms/internal/frequency_sort/frequency_sort.go:10.39,11.47 1 30
github.com/ashtanko/go-algorithms/internal/frequency_sort/frequency_sort.go:14.3,14.49 1 16
github.com/ashtanko/go-algorithms/internal/frequency_sort/frequency_sort.go:11.47,13.4 1 14
github.com/ashtanko/go-algorithms/internal/has_all_codes/has_all_codes.go:3.40,9.30 5 6
github.com/ashtanko/go-algorithms/internal/has_all_codes/has_all_codes.go:25.2,25.14 1 2
github.com/ashtanko/go-algorithms/internal/has_all_codes/has_all_codes.go:9.30,16.32 6 1168
github.com/ashtanko/go-algorithms/internal/has_all_codes/has_all_codes.go:16.32,19.17 3 277
github.com/ashtanko/go-algorithms/internal/has_all_codes/has_all_codes.go:19.17,21.5 1 4
github.com/ashtanko/go-algorithms/internal/inorder_traversal/inorder_traversal.go:5.50,12.35 2 3
github.com/ashtanko/go-algorithms/internal/inorder_traversal/inorder_traversal.go:23.2,23.15 1 3
github.com/ashtanko/go-algorithms/internal/inorder_traversal/inorder_traversal.go:12.35,13.18 1 7
github.com/ashtanko/go-algorithms/internal/inorder_traversal/inorder_traversal.go:17.3,20.18 4 7
github.com/ashtanko/go-algorithms/internal/inorder_traversal/inorder_traversal.go:13.18,16.4 2 7
github.com/ashtanko/go-algorithms/internal/insert_interval/insert_interval.go:5.67,10.44 3 1
github.com/ashtanko/go-algorithms/internal/insert_interval/insert_interval.go:14.2,17.38 2 1
github.com/ashtanko/go-algorithms/internal/insert_interval/insert_interval.go:25.2,25.12 1 1
github.com/ashtanko/go-algorithms/internal/insert_interval/insert_interval.go:10.44,12.3 1 3
github.com/ashtanko/go-algorithms/internal/insert_interval/insert_interval.go:17.38,18.44 1 2
github.com/ashtanko/go-algorithms/internal/insert_interval/insert_interval.go:18.44,20.4 1 1
github.com/ashtanko/go-algorithms/internal/insert_interval/insert_interval.go:20.9,22.4 1 1
github.com/ashtanko/go-algorithms/internal/insert_interval/insert_interval.go:28.24,29.11 1 1
github.com/ashtanko/go-algorithms/internal/insert_interval/insert_interval.go:29.11,31.3 1 0
github.com/ashtanko/go-algorithms/internal/insert_interval/insert_interval.go:31.8,33.3 1 1
github.com/ashtanko/go-algorithms/internal/int_to_roman/int_to_roman.go:3.33,9.2 5 5
github.com/ashtanko/go-algorithms/internal/is_subsequence/is_subsequence.go:5.55,7.15 2 2
github.com/ashtanko/go-algorithms/internal/is_subsequence/is_subsequence.go:10.2,11.30 2 2
github.com/ashtanko/go-algorithms/internal/is_subsequence/is_subsequence.go:15.2,15.35 1 2
github.com/ashtanko/go-algorithms/internal/is_subsequence/is_subsequence.go:27.2,27.14 1 1
github.com/ashtanko/go-algorithms/internal/is_subsequence/is_subsequence.go:7.15,9.3 1 0
github.com/ashtanko/go-algorithms/internal/is_subsequence/is_subsequence.go:11.30,13.3 1 8
github.com/ashtanko/go-algorithms/internal/is_subsequence/is_subsequence.go:15.35,16.36 1 12
github.com/ashtanko/go-algorithms/internal/is_subsequence/is_subsequence.go:23.3,23.32 1 12
github.com/ashtanko/go-algorithms/internal/is_subsequence/is_subsequence.go:16.36,17.38 1 36
github.com/ashtanko/go-algorithms/internal/is_subsequence/is_subsequence.go:17.38,19.5 1 5
github.com/ashtanko/go-algorithms/internal/is_subsequence/is_subsequence.go:19.10,21.5 1 31
github.com/ashtanko/go-algorithms/internal/is_subsequence/is_subsequence.go:23.32,25.4 1 1
github.com/ashtanko/go-algorithms/internal/keys_and_rooms/keys_and_rooms.go:3.43,9.22 5 2
github.com/ashtanko/go-algorithms/internal/keys_and_rooms/keys_and_rooms.go:21.2,21.25 1 2
github.com/ashtanko/go-algorithms/internal/keys_and_rooms/keys_and_rooms.go:27.2,27.13 1 1
github.com/ashtanko/go-algorithms/internal/keys_and_rooms/keys_and_rooms.go:9.22,13.36 4 7
github.com/ashtanko/go-algorithms/internal/keys_and_rooms/keys_and_rooms.go:13.36,14.16 1 9
github.com/ashtanko/go-algorithms/internal/keys_and_rooms/keys_and_rooms.go:14.16,17.5 2 5
github.com/ashtanko/go-algorithms/internal/keys_and_rooms/keys_and_rooms.go:21.25,22.9 1 7
github.com/ashtanko/go-algorithms/internal/keys_and_rooms/keys_and_rooms.go:22.9,24.4 1 1
github.com/ashtanko/go-algorithms/internal/kids_with_candies/kids_with_candies.go:3.62,6.28 3 4
github.com/ashtanko/go-algorithms/internal/kids_with_candies/kids_with_candies.go:12.2,12.25 1 4
github.com/ashtanko/go-algorithms/internal/kids_with_candies/kids_with_candies.go:19.2,19.20 1 4
github.com/ashtanko/go-algorithms/internal/kids_with_candies/kids_with_candies.go:6.28,7.24 1 10
github.com/ashtanko/go-algorithms/internal/kids_with_candies/kids_with_candies.go:7.24,9.4 1 4
github.com/ashtanko/go-algorithms/internal/kids_with_candies/kids_with_candies.go:12.25,13.37 1 10
github.com/ashtanko/go-algorithms/internal/kids_with_candies/kids_with_candies.go:13.37,15.4 1 5
github.com/ashtanko/go-algorithms/internal/kids_with_candies/kids_with_candies.go:15.9,17.4 1 5
github.com/ashtanko/go-algorithms/internal/largest_altitude/largest_altitude.go:5.38,8.33 3 2
github.com/ashtanko/go-algorithms/internal/largest_altitude/largest_altitude.go:12.2,12.15 1 2
github.com/ashtanko/go-algorithms/internal/largest_altitude/largest_altitude.go:8.33,11.3 2 11
github.com/ashtanko/go-algorithms/internal/level_order/level_order.go:7.46,9.17 2 3
github.com/ashtanko/go-algorithms/internal/level_order/level_order.go:13.2,16.21 3 2
github.com/ashtanko/go-algorithms/internal/level_order/level_order.go:20.2,20.12 1 2
github.com/ashtanko/go-algorithms/internal/level_order/level_order.go:9.17,11.3 1 1
github.com/ashtanko/go-algorithms/internal/level_order/level_order.go:16.21,19.3 2 2
github.com/ashtanko/go-algorithms/internal/lonely_nodes/lonely_nodes.go:5.48,7.2 1 4
github.com/ashtanko/go-algorithms/internal/lonely_nodes/lonely_nodes.go:9.60,11.17 2 46
github.com/ashtanko/go-algorithms/internal/lonely_nodes/lonely_nodes.go:15.2,15.66 1 21
github.com/ashtanko/go-algorithms/internal/lonely_nodes/lonely_nodes.go:19.2,22.15 3 21
github.com/ashtanko/go-algorithms/internal/lonely_nodes/lonely_nodes.go:11.17,13.3 1 25
github.com/ashtanko/go-algorithms/internal/lonely_nodes/lonely_nodes.go:15.66,17.3 1 9
github.com/ashtanko/go-algorithms/internal/longest_common_subsequence/longest_common_subsequence.go:4.63,7.27 3 9
github.com/ashtanko/go-algorithms/internal/longest_common_subsequence/longest_common_subsequence.go:14.2,14.39 1 9
github.com/ashtanko/go-algorithms/internal/longest_common_subsequence/longest_common_subsequence.go:7.27,9.28 2 28
github.com/ashtanko/go-algorithms/internal/longest_common_subsequence/longest_common_subsequence.go:9.28,11.4 1 104
github.com/ashtanko/go-algorithms/internal/longest_common_subsequence/longest_common_subsequence.go:17.54,18.22 1 65
github.com/ashtanko/go-algorithms/internal/longest_common_subsequence/longest_common_subsequence.go:22.2,22.25 1 43
github.com/ashtanko/go-algorithms/internal/longest_common_subsequence/longest_common_subsequence.go:26.2,26.24 1 34
github.com/ashtanko/go-algorithms/internal/longest_common_subsequence/longest_common_subsequence.go:32.2,32.22 1 34
github.com/ashtanko/go-algorithms/internal/longest_common_subsequence/longest_common_subsequence.go:18.22,20.3 1 22
github.com/ashtanko/go-algorithms/internal/longest_common_subsequence/longest_common_subsequence.go:22.25,24.3 1 9
github.com/ashtanko/go-algorithms/internal/longest_common_subsequence/longest_common_subsequence.go:26.24,28.3 1 12
github.com/ashtanko/go-algorithms/internal/longest_common_subsequence/longest_common_subsequence.go:28.8,30.3 1 22
github.com/ashtanko/go-algorithms/internal/longest_common_subsequence/longest_common_subsequence.go:35.24,36.11 1 22
github.com/ashtanko/go-algorithms/internal/longest_common_subsequence/longest_common_subsequence.go:40.2,40.10 1 12
github.com/ashtanko/go-algorithms/internal/longest_common_subsequence/longest_common_subsequence.go:36.11,38.3 1 10
github.com/ashtanko/go-algorithms/internal/max_profit/max_profit.go:3.34,5.31 2 2
github.com/ashtanko/go-algorithms/internal/max_profit/max_profit.go:18.2,18.15 1 2
github.com/ashtanko/go-algorithms/internal/max_profit/max_profit.go:5.31,6.13 1 11
github.com/ashtanko/go-algorithms/internal/max_profit/max_profit.go:11.3,11.41 1 9
github.com/ashtanko/go-algorithms/internal/max_profit/max_profit.go:14.3,14.18 1 9
github.com/ashtanko/go-algorithms/internal/max_profit/max_profit.go:6.13,8.12 2 2
github.com/ashtanko/go-algorithms/internal/max_profit/max_profit.go:11.41,13.4 1 2
github.com/ashtanko/go-algorithms/internal/max_profit/max_profit.go:14.18,16.4 1 5
github.com/ashtanko/go-algorithms/internal/max_profit_fee/max_profit_fee.go:3.46,4.21 1 2
github.com/ashtanko/go-algorithms/internal/max_profit_fee/max_profit_fee.go:7.2,9.31 2 2
github.com/ashtanko/go-algorithms/internal/max_profit_fee/max_profit_fee.go:17.2,17.15 1 2
github.com/ashtanko/go-algorithms/internal/max_profit_fee/max_profit_fee.go:4.21,6.3 1 0
github.com/ashtanko/go-algorithms/internal/max_profit_fee/max_profit_fee.go:9.31,10.18 1 12
github.com/ashtanko/go-algorithms/internal/max_profit_fee/max_profit_fee.go:10.18,12.4 1 2
github.com/ashtanko/go-algorithms/internal/max_profit_fee/max_profit_fee.go:12.9,12.29 1 10
github.com/ashtanko/go-algorithms/internal/max_profit_fee/max_profit_fee.go:12.29,15.4 2 4
github.com/ashtanko/go-algorithms/internal/maximum_69_number/maximum_69_number.go:8.35,11.2 2 5
github.com/ashtanko/go-algorithms/internal/middle_node/middle_node.go:5.43,9.38 2 2
github.com/ashtanko/go-algorithms/internal/middle_node/middle_node.go:14.2,14.13 1 2
github.com/ashtanko/go-algorithms/internal/middle_node/middle_node.go:9.38,12.3 2 5
github.com/ashtanko/go-algorithms/internal/min_cost_climbing_stairs/climbing_stairs.go:5.44,7.38 2 3
github.com/ashtanko/go-algorithms/internal/min_cost_climbing_stairs/climbing_stairs.go:12.2,12.26 1 3
github.com/ashtanko/go-algorithms/internal/min_cost_climbing_stairs/climbing_stairs.go:7.38,11.3 3 17
github.com/ashtanko/go-algorithms/internal/min_len_encoding/min_len_encoding.go:8.22,13.2 1 11
github.com/ashtanko/go-algorithms/internal/min_len_encoding/min_len_encoding.go:15.34,16.30 1 11
github.com/ashtanko/go-algorithms/internal/min_len_encoding/min_len_encoding.go:20.2,20.26 1 11
github.com/ashtanko/go-algorithms/internal/min_len_encoding/min_len_encoding.go:16.30,19.3 2 9
github.com/ashtanko/go-algorithms/internal/min_len_encoding/min_len_encoding.go:23.48,27.34 3 2
github.com/ashtanko/go-algorithms/internal/min_len_encoding/min_len_encoding.go:36.2,38.26 2 2
github.com/ashtanko/go-algorithms/internal/min_len_encoding/min_len_encoding.go:44.2,44.12 1 2
github.com/ashtanko/go-algorithms/internal/min_len_encoding/min_len_encoding.go:27.34,30.39 3 4
github.com/ashtanko/go-algorithms/internal/min_len_encoding/min_len_encoding.go:33.3,33.17 1 4
github.com/ashtanko/go-algorithms/internal/min_len_encoding/min_len_encoding.go:30.39,32.4 1 11
github.com/ashtanko/go-algorithms/internal/min_len_encoding/min_len_encoding.go:38.26,39.22 1 4
github.com/ashtanko/go-algorithms/internal/min_len_encoding/min_len_encoding.go:39.22,41.4 1 3
github.com/ashtanko/go-algorithms/internal/min_rotated_sorted_array/min_rotated_sorted_array.go:3.43,5.18 2 3
github.com/ashtanko/go-algorithms/internal/min_rotated_sorted_array/min_rotated_sorted_array.go:16.2,16.20 1 0
github.com/ashtanko/go-algorithms/internal/min_rotated_sorted_array/min_rotated_sorted_array.go:5.18,6.30 1 5
github.com/ashtanko/go-algorithms/internal/min_rotated_sorted_array/min_rotated_sorted_array.go:9.3,10.31 2 2
github.com/ashtanko/go-algorithms/internal/min_rotated_sorted_array/min_rotated_sorted_array.go:6.30,8.4 1 3
github.com/ashtanko/go-algorithms/internal/min_rotated_sorted_array/min_rotated_sorted_array.go:10.31,12.4 1 2
github.com/ashtanko/go-algorithms/internal/min_rotated_sorted_array/min_rotated_sorted_array.go:12.9,14.4 1 0
github.com/ashtanko/go-algorithms/internal/min_sub_array_len/min_sub_array.go:8.49,14.25 5 3
github.com/ashtanko/go-algorithms/internal/min_sub_array_len/min_sub_array.go:24.2,24.26 1 3
github.com/ashtanko/go-algorithms/internal/min_sub_array_len/min_sub_array.go:14.25,16.21 2 17
github.com/ashtanko/go-algorithms/internal/min_sub_array_len/min_sub_array.go:16.21,20.4 3 8
github.com/ashtanko/go-algorithms/internal/min_sub_array_len/min_sub_array.go:24.26,26.3 1 2
github.com/ashtanko/go-algorithms/internal/min_sub_array_len/min_sub_array.go:26.8,28.3 1 1
github.com/ashtanko/go-algorithms/internal/num_factored_b_trees/num_factored_b_trees.go:8.44,20.29 4 2
github.com/ashtanko/go-algorithms/internal/num_factored_b_trees/num_factored_b_trees.go:58.2,59.27 2 2
github.com/ashtanko/go-algorithms/internal/num_factored_b_trees/num_factored_b_trees.go:63.2,63.30 1 2
github.com/ashtanko/go-algorithms/internal/num_factored_b_trees/num_factored_b_trees.go:20.29,22.56 1 6
github.com/ashtanko/go-algorithms/internal/num_factored_b_trees/num_factored_b_trees.go:27.3,27.38 1 6
github.com/ashtanko/go-algorithms/internal/num_factored_b_trees/num_factored_b_trees.go:53.3,53.18 1 6
github.com/ashtanko/go-algorithms/internal/num_factored_b_trees/num_factored_b_trees.go:22.56,22.107 1 16
github.com/ashtanko/go-algorithms/internal/num_factored_b_trees/num_factored_b_trees.go:27.38,34.22 3 4
github.com/ashtanko/go-algorithms/internal/num_factored_b_trees/num_factored_b_trees.go:34.22,36.27 1 3
github.com/ashtanko/go-algorithms/internal/num_factored_b_trees/num_factored_b_trees.go:36.27,41.6 1 2
github.com/ashtanko/go-algorithms/internal/num_factored_b_trees/num_factored_b_trees.go:41.11,46.6 1 1
github.com/ashtanko/go-algorithms/internal/num_factored_b_trees/num_factored_b_trees.go:59.27,61.3 1 6
github.com/ashtanko/go-algorithms/internal/num_identical_pairs/numIdentical_pairs.go:3.40,6.27 3 3
github.com/ashtanko/go-algorithms/internal/num_identical_pairs/numIdentical_pairs.go:10.2,10.14 1 3
github.com/ashtanko/go-algorithms/internal/num_identical_pairs/numIdentical_pairs.go:6.27,9.3 2 13
github.com/ashtanko/go-algorithms/internal/partition_list/partition_list.go:5.49,9.17 4 2
github.com/ashtanko/go-algorithms/internal/partition_list/partition_list.go:18.2,21.18 4 2
github.com/ashtanko/go-algorithms/internal/partition_list/partition_list.go:26.2,26.13 1 2
github.com/ashtanko/go-algorithms/internal/partition_list/partition_list.go:9.17,11.12 2 8
github.com/ashtanko/go-algorithms/internal/partition_list/partition_list.go:16.3,16.17 1 8
github.com/ashtanko/go-algorithms/internal/partition_list/partition_list.go:11.12,13.4 1 4
github.com/ashtanko/go-algorithms/internal/partition_list/partition_list.go:13.9,15.4 1 4
github.com/ashtanko/go-algorithms/internal/partition_list/partition_list.go:21.18,25.3 3 8
github.com/ashtanko/go-algorithms/internal/permutation_sequence/permutation_sequence.go:5.42,10.2 4 3
github.com/ashtanko/go-algorithms/internal/permutation_sequence/permutation_sequence.go:12.78,13.19 1 13
github.com/ashtanko/go-algorithms/internal/permutation_sequence/permutation_sequence.go:21.2,21.26 1 10
github.com/ashtanko/go-algorithms/internal/permutation_sequence/permutation_sequence.go:13.19,15.14 2 3
github.com/ashtanko/go-algorithms/internal/permutation_sequence/permutation_sequence.go:15.14,18.4 2 3
github.com/ashtanko/go-algorithms/internal/permutation_sequence/permutation_sequence.go:21.26,22.17 1 22
github.com/ashtanko/go-algorithms/internal/permutation_sequence/permutation_sequence.go:26.3,26.27 1 13
github.com/ashtanko/go-algorithms/internal/permutation_sequence/permutation_sequence.go:30.3,33.17 4 10
github.com/ashtanko/go-algorithms/internal/permutation_sequence/permutation_sequence.go:36.3,37.25 2 0
github.com/ashtanko/go-algorithms/internal/permutation_sequence/permutation_sequence.go:22.17,23.12 1 9
github.com/ashtanko/go-algorithms/internal/permutation_sequence/permutation_sequence.go:26.27,28.12 2 3
github.com/ashtanko/go-algorithms/internal/permutation_sequence/permutation_sequence.go:33.17,35.4 1 10
github.com/ashtanko/go-algorithms/internal/permutation_sequence/permutation_sequence.go:43.19,45.25 2 16
github.com/ashtanko/go-algorithms/internal/permutation_sequence/permutation_sequence.go:48.2,48.12 1 16
github.com/ashtanko/go-algorithms/internal/permutation_sequence/permutation_sequence.go:45.25,47.3 1 13
github.com/ashtanko/go-algorithms/internal/range_sum_bst/range_sum_bst.go:5.62,7.2 1 2
github.com/ashtanko/go-algorithms/internal/remove_vowels/remove_vowels.go:5.36,15.22 4 3
github.com/ashtanko/go-algorithms/internal/remove_vowels/remove_vowels.go:20.2,20.25 1 3
github.com/ashtanko/go-algorithms/internal/remove_vowels/remove_vowels.go:15.22,16.33 1 34
github.com/ashtanko/go-algorithms/internal/remove_vowels/remove_vowels.go:16.33,18.4 1 17
github.com/ashtanko/go-algorithms/internal/reordered_power_of_two/reordered_power_of_two.go:5.36,6.11 1 7
github.com/ashtanko/go-algorithms/internal/reordered_power_of_two/reordered_power_of_two.go:9.2,10.26 2 5
github.com/ashtanko/go-algorithms/internal/reordered_power_of_two/reordered_power_of_two.go:15.2,15.14 1 2
github.com/ashtanko/go-algorithms/internal/reordered_power_of_two/reordered_power_of_two.go:6.11,8.3 1 2
github.com/ashtanko/go-algorithms/internal/reordered_power_of_two/reordered_power_of_two.go:10.26,11.42 1 75
github.com/ashtanko/go-algorithms/internal/reordered_power_of_two/reordered_power_of_two.go:11.42,13.4 1 3
github.com/ashtanko/go-algorithms/internal/reordered_power_of_two/reordered_power_of_two.go:18.25,20.12 2 80
github.com/ashtanko/go-algorithms/internal/reordered_power_of_two/reordered_power_of_two.go:24.2,24.12 1 80
github.com/ashtanko/go-algorithms/internal/reordered_power_of_two/reordered_power_of_two.go:20.12,23.3 2 340
github.com/ashtanko/go-algorithms/internal/running_sum/running_sum.go:3.35,5.20 2 3
github.com/ashtanko/go-algorithms/internal/running_sum/running_sum.go:9.2,9.13 1 3
github.com/ashtanko/go-algorithms/internal/running_sum/running_sum.go:5.20,8.3 2 11
github.com/ashtanko/go-algorithms/internal/shuffle_array/shuffle_array.go:3.39,4.35 1 3
github.com/ashtanko/go-algorithms/internal/shuffle_array/shuffle_array.go:9.2,9.36 1 3
github.com/ashtanko/go-algorithms/internal/shuffle_array/shuffle_array.go:13.2,13.13 1 3
github.com/ashtanko/go-algorithms/internal/shuffle_array/shuffle_array.go:4.35,7.3 2 9
github.com/ashtanko/go-algorithms/internal/shuffle_array/shuffle_array.go:9.36,12.3 2 9
github.com/ashtanko/go-algorithms/internal/sort_characters_by_frequency/sort_characters_by_frequency.go:5.37,7.19 2 3
github.com/ashtanko/go-algorithms/internal/sort_characters_by_frequency/sort_characters_by_frequency.go:11.2,12.33 2 3
github.com/ashtanko/go-algorithms/internal/sort_characters_by_frequency/sort_characters_by_frequency.go:15.2,15.26 1 3
github.com/ashtanko/go-algorithms/internal/sort_characters_by_frequency/sort_characters_by_frequency.go:19.2,20.40 2 3
github.com/ashtanko/go-algorithms/internal/sort_characters_by_frequency/sort_characters_by_frequency.go:30.2,30.20 1 3
github.com/ashtanko/go-algorithms/internal/sort_characters_by_frequency/sort_characters_by_frequency.go:7.19,9.3 1 14
github.com/ashtanko/go-algorithms/internal/sort_characters_by_frequency/sort_characters_by_frequency.go:12.33,14.3 1 11
github.com/ashtanko/go-algorithms/internal/sort_characters_by_frequency/sort_characters_by_frequency.go:15.26,17.3 1 8
github.com/ashtanko/go-algorithms/internal/sort_characters_by_frequency/sort_characters_by_frequency.go:20.40,21.26 1 17
github.com/ashtanko/go-algorithms/internal/sort_characters_by_frequency/sort_characters_by_frequency.go:21.26,22.46 1 5
github.com/ashtanko/go-algorithms/internal/sort_characters_by_frequency/sort_characters_by_frequency.go:22.46,23.34 1 8
github.com/ashtanko/go-algorithms/internal/sort_characters_by_frequency/sort_characters_by_frequency.go:23.34,25.6 1 14
github.com/ashtanko/go-algorithms/internal/stream_of_characters/stream_of_characters.go:8.30,13.2 1 6
github.com/ashtanko/go-algorithms/internal/stream_of_characters/stream_of_characters.go:20.48,26.26 2 1
github.com/ashtanko/go-algorithms/internal/stream_of_characters/stream_of_characters.go:38.2,38.11 1 1
github.com/ashtanko/go-algorithms/internal/stream_of_characters/stream_of_characters.go:26.26,29.34 3 3
github.com/ashtanko/go-algorithms/internal/stream_of_characters/stream_of_characters.go:35.3,35.19 1 3
github.com/ashtanko/go-algorithms/internal/stream_of_characters/stream_of_characters.go:29.34,30.38 1 5
github.com/ashtanko/go-algorithms/internal/stream_of_characters/stream_of_characters.go:33.4,33.27 1 5
github.com/ashtanko/go-algorithms/internal/stream_of_characters/stream_of_characters.go:30.38,32.5 1 5
github.com/ashtanko/go-algorithms/internal/stream_of_characters/stream_of_characters.go:41.50,45.30 3 11
github.com/ashtanko/go-algorithms/internal/stream_of_characters/stream_of_characters.go:55.2,55.18 1 0
github.com/ashtanko/go-algorithms/internal/stream_of_characters/stream_of_characters.go:45.30,46.16 1 16
github.com/ashtanko/go-algorithms/internal/stream_of_characters/stream_of_characters.go:49.3,49.37 1 13
github.com/ashtanko/go-algorithms/internal/stream_of_characters/stream_of_characters.go:52.3,52.26 1 5
github.com/ashtanko/go-algorithms/internal/stream_of_characters/stream_of_characters.go:46.16,48.4 1 3
github.com/ashtanko/go-algorithms/internal/stream_of_characters/stream_of_characters.go:49.37,51.4 1 8
github.com/ashtanko/go-algorithms/internal/stream_of_characters/stream_of_characters.go:58.31,61.50 2 3
github.com/ashtanko/go-algorithms/internal/stream_of_characters/stream_of_characters.go:65.2,65.12 1 3
github.com/ashtanko/go-algorithms/internal/stream_of_characters/stream_of_characters.go:61.50,63.3 1 2
github.com/ashtanko/go-algorithms/internal/strobogrammatic/strobogrammatic.go:3.41,5.19 2 4
github.com/ashtanko/go-algorithms/internal/strobogrammatic/strobogrammatic.go:13.2,13.19 1 3
github.com/ashtanko/go-algorithms/internal/strobogrammatic/strobogrammatic.go:16.2,16.13 1 2
github.com/ashtanko/go-algorithms/internal/strobogrammatic/strobogrammatic.go:5.19,6.36 1 3
github.com/ashtanko/go-algorithms/internal/strobogrammatic/strobogrammatic.go:9.3,10.10 2 2
github.com/ashtanko/go-algorithms/internal/strobogrammatic/strobogrammatic.go:6.36,8.4 1 1
github.com/ashtanko/go-algorithms/internal/strobogrammatic/strobogrammatic.go:13.19,15.3 1 1
github.com/ashtanko/go-algorithms/internal/strobogrammatic/strobogrammatic.go:19.30,20.12 1 3
github.com/ashtanko/go-algorithms/internal/strobogrammatic/strobogrammatic.go:32.2,32.14 1 0
github.com/ashtanko/go-algorithms/internal/strobogrammatic/strobogrammatic.go:21.11,22.19 1 0
github.com/ashtanko/go-algorithms/internal/strobogrammatic/strobogrammatic.go:23.11,24.19 1 0
github.com/ashtanko/go-algorithms/internal/strobogrammatic/strobogrammatic.go:25.11,26.19 1 1
github.com/ashtanko/go-algorithms/internal/strobogrammatic/strobogrammatic.go:27.11,28.19 1 1
github.com/ashtanko/go-algorithms/internal/strobogrammatic/strobogrammatic.go:29.11,30.19 1 1
github.com/ashtanko/go-algorithms/internal/strobogrammatic/strobogrammatic.go:35.29,37.2 1 1
github.com/ashtanko/go-algorithms/internal/sum_range/sum_range.go:7.39,8.20 1 3
github.com/ashtanko/go-algorithms/internal/sum_range/sum_range.go:11.2,13.33 3 3
github.com/ashtanko/go-algorithms/internal/sum_range/sum_range.go:16.2,16.29 1 3
github.com/ashtanko/go-algorithms/internal/sum_range/sum_range.go:8.20,10.3 1 0
github.com/ashtanko/go-algorithms/internal/sum_range/sum_range.go:13.33,15.3 1 15
github.com/ashtanko/go-algorithms/internal/sum_range/sum_range.go:19.47,20.12 1 3
github.com/ashtanko/go-algorithms/internal/sum_range/sum_range.go:23.2,23.32 1 1
github.com/ashtanko/go-algorithms/internal/sum_range/sum_range.go:20.12,22.3 1 2
github.com/ashtanko/go-algorithms/internal/swap_nodes/swap_nodes.go:7.73,13.25 5 5
github.com/ashtanko/go-algorithms/internal/swap_nodes/swap_nodes.go:25.2,25.22 1 5
github.com/ashtanko/go-algorithms/internal/swap_nodes/swap_nodes.go:29.2,29.20 1 5
github.com/ashtanko/go-algorithms/internal/swap_nodes/swap_nodes.go:33.2,36.13 4 5
github.com/ashtanko/go-algorithms/internal/swap_nodes/swap_nodes.go:13.25,15.21 2 21
github.com/ashtanko/go-algorithms/internal/swap_nodes/swap_nodes.go:18.3,18.22 1 21
github.com/ashtanko/go-algorithms/internal/swap_nodes/swap_nodes.go:22.3,22.33 1 21
github.com/ashtanko/go-algorithms/internal/swap_nodes/swap_nodes.go:15.21,17.4 1 10
github.com/ashtanko/go-algorithms/internal/swap_nodes/swap_nodes.go:18.22,21.4 2 5
github.com/ashtanko/go-algorithms/internal/swap_nodes/swap_nodes.go:25.22,27.3 1 0
github.com/ashtanko/go-algorithms/internal/swap_nodes/swap_nodes.go:29.20,31.3 1 0
github.com/ashtanko/go-algorithms/internal/swap_pairs/swap_pairs.go:5.42,6.37 1 5
github.com/ashtanko/go-algorithms/internal/swap_pairs/swap_pairs.go:9.2,12.15 4 2
github.com/ashtanko/go-algorithms/internal/swap_pairs/swap_pairs.go:6.37,8.3 1 3
github.com/ashtanko/go-algorithms/internal/target_sum/target_sum_memo.go:9.82,12.25 3 2
github.com/ashtanko/go-algorithms/internal/target_sum/target_sum_memo.go:15.2,16.22 2 2
github.com/ashtanko/go-algorithms/internal/target_sum/target_sum_memo.go:22.2,22.56 1 2
github.com/ashtanko/go-algorithms/internal/target_sum/target_sum_memo.go:12.25,14.3 1 6
github.com/ashtanko/go-algorithms/internal/target_sum/target_sum_memo.go:16.22,18.26 2 8
github.com/ashtanko/go-algorithms/internal/target_sum/target_sum_memo.go:18.26,20.4 1 72
github.com/ashtanko/go-algorithms/internal/target_sum/target_sum_memo.go:25.73,27.32 2 30
github.com/ashtanko/go-algorithms/internal/target_sum/target_sum_memo.go:30.2,30.33 1 27
github.com/ashtanko/go-algorithms/internal/target_sum/target_sum_memo.go:33.2,33.12 1 19
github.com/ashtanko/go-algorithms/internal/target_sum/target_sum_memo.go:45.2,45.19 1 19
github.com/ashtanko/go-algorithms/internal/target_sum/target_sum_memo.go:27.32,29.3 1 3
github.com/ashtanko/go-algorithms/internal/target_sum/target_sum_memo.go:30.33,32.3 1 8
github.com/ashtanko/go-algorithms/internal/target_sum/target_sum_memo.go:33.12,34.15 1 5
github.com/ashtanko/go-algorithms/internal/target_sum/target_sum_memo.go:34.15,36.4 1 2
github.com/ashtanko/go-algorithms/internal/target_sum/target_sum_memo.go:36.9,38.4 1 3
github.com/ashtanko/go-algorithms/internal/target_sum/target_sum_memo.go:39.8,41.40 2 14
github.com/ashtanko/go-algorithms/internal/target_sum/target_sum_memo.go:41.40,43.4 1 28
github.com/ashtanko/go-algorithms/internal/target_sum/target_sum_recursive.go:7.80,9.2 1 2
github.com/ashtanko/go-algorithms/internal/target_sum/target_sum_recursive.go:11.50,12.13 1 66
github.com/ashtanko/go-algorithms/internal/target_sum/target_sum_recursive.go:18.2,19.39 2 32
github.com/ashtanko/go-algorithms/internal/target_sum/target_sum_recursive.go:22.2,22.14 1 32
github.com/ashtanko/go-algorithms/internal/target_sum/target_sum_recursive.go:12.13,13.15 1 34
github.com/ashtanko/go-algorithms/internal/target_sum/target_sum_recursive.go:16.3,16.11 1 28
github.com/ashtanko/go-algorithms/internal/target_sum/target_sum_recursive.go:13.15,15.4 1 6
github.com/ashtanko/go-algorithms/internal/target_sum/target_sum_recursive.go:19.39,21.3 1 64
github.com/ashtanko/go-algorithms/internal/target_sum/target_sum_2d_dp.go:7.75,11.25 4 2
github.com/ashtanko/go-algorithms/internal/target_sum/target_sum_2d_dp.go:14.2,17.42 2 2
github.com/ashtanko/go-algorithms/internal/target_sum/target_sum_2d_dp.go:21.2,22.20 2 2
github.com/ashtanko/go-algorithms/internal/target_sum/target_sum_2d_dp.go:25.2,26.25 2 2
github.com/ashtanko/go-algorithms/internal/target_sum/target_sum_2d_dp.go:37.2,37.28 1 2
github.com/ashtanko/go-algorithms/internal/target_sum/target_sum_2d_dp.go:11.25,13.3 1 6
github.com/ashtanko/go-algorithms/internal/target_sum/target_sum_2d_dp.go:17.42,19.3 1 0
github.com/ashtanko/go-algorithms/internal/target_sum/target_sum_2d_dp.go:22.20,24.3 1 8
github.com/ashtanko/go-algorithms/internal/target_sum/target_sum_2d_dp.go:26.25,27.26 1 6
github.com/ashtanko/go-algorithms/internal/target_sum/target_sum_2d_dp.go:27.26,28.20 1 58
github.com/ashtanko/go-algorithms/internal/target_sum/target_sum_2d_dp.go:28.20,29.42 1 16
github.com/ashtanko/go-algorithms/internal/target_sum/target_sum_2d_dp.go:29.42,30.66 1 32
github.com/ashtanko/go-algorithms/internal/target_sum/target_sum_2d_dp.go:30.66,32.7 1 32
github.com/ashtanko/go-algorithms/internal/target_sum/target_sum_backtracking.go:7.83,11.25 4 2
github.com/ashtanko/go-algorithms/internal/target_sum/target_sum_backtracking.go:14.2,14.58 1 2
github.com/ashtanko/go-algorithms/internal/target_sum/target_sum_backtracking.go:11.25,13.3 1 4
github.com/ashtanko/go-algorithms/internal/target_sum/target_sum_backtracking.go:17.71,18.13 1 34
github.com/ashtanko/go-algorithms/internal/target_sum/target_sum_backtracking.go:26.2,26.52 1 22
github.com/ashtanko/go-algorithms/internal/target_sum/target_sum_backtracking.go:30.2,31.39 2 16
github.com/ashtanko/go-algorithms/internal/target_sum/target_sum_backtracking.go:34.2,34.14 1 16
github.com/ashtanko/go-algorithms/internal/target_sum/target_sum_backtracking.go:18.13,19.15 1 12
github.com/ashtanko/go-algorithms/internal/target_sum/target_sum_backtracking.go:22.3,22.11 1 6
github.com/ashtanko/go-algorithms/internal/target_sum/target_sum_backtracking.go:19.15,21.4 1 6
github.com/ashtanko/go-algorithms/internal/target_sum/target_sum_backtracking.go:26.52,28.3 1 6
github.com/ashtanko/go-algorithms/internal/target_sum/target_sum_backtracking.go:31.39,33.3 1 32
github.com/ashtanko/go-algorithms/internal/target_sum/target_sum_dp_linear_space.go:7.84,10.25 3 2
github.com/ashtanko/go-algorithms/internal/target_sum/target_sum_dp_linear_space.go:13.2,15.42 2 2
github.com/ashtanko/go-algorithms/internal/target_sum/target_sum_dp_linear_space.go:19.2,20.20 2 2
github.com/ashtanko/go-algorithms/internal/target_sum/target_sum_dp_linear_space.go:23.2,24.25 2 2
github.com/ashtanko/go-algorithms/internal/target_sum/target_sum_dp_linear_space.go:39.2,39.28 1 2
github.com/ashtanko/go-algorithms/internal/target_sum/target_sum_dp_linear_space.go:10.25,12.3 1 6
github.com/ashtanko/go-algorithms/internal/target_sum/target_sum_dp_linear_space.go:15.42,17.3 1 0
github.com/ashtanko/go-algorithms/internal/target_sum/target_sum_dp_linear_space.go:20.20,22.3 1 4
github.com/ashtanko/go-algorithms/internal/target_sum/target_sum_dp_linear_space.go:24.25,25.26 1 6
github.com/ashtanko/go-algorithms/internal/target_sum/target_sum_dp_linear_space.go:34.3,35.26 2 6
github.com/ashtanko/go-algorithms/internal/target_sum/target_sum_dp_linear_space.go:25.26,26.20 1 58
github.com/ashtanko/go-algorithms/internal/target_sum/target_sum_dp_linear_space.go:26.20,27.42 1 16
github.com/ashtanko/go-algorithms/internal/target_sum/target_sum_dp_linear_space.go:27.42,28.66 1 32
github.com/ashtanko/go-algorithms/internal/target_sum/target_sum_dp_linear_space.go:28.66,30.7 1 32
github.com/ashtanko/go-algorithms/internal/target_sum/target_sum_dp_linear_space.go:35.26,37.4 1 58
github.com/ashtanko/go-algorithms/internal/target_sum/target_sum_dp_with_maps.go:7.81,10.25 3 2
github.com/ashtanko/go-algorithms/internal/target_sum/target_sum_dp_with_maps.go:19.2,19.19 1 2
github.com/ashtanko/go-algorithms/internal/target_sum/target_sum_dp_with_maps.go:10.25,12.38 2 6
github.com/ashtanko/go-algorithms/internal/target_sum/target_sum_dp_with_maps.go:17.3,17.11 1 6
github.com/ashtanko/go-algorithms/internal/target_sum/target_sum_dp_with_maps.go:12.38,13.41 1 16
github.com/ashtanko/go-algorithms/internal/target_sum/target_sum_dp_with_maps.go:13.41,15.5 1 32
github.com/ashtanko/go-algorithms/internal/two_sum/two_sum.go:3.43,5.25 2 3
github.com/ashtanko/go-algorithms/internal/two_sum/two_sum.go:12.2,12.16 1 1
github.com/ashtanko/go-algorithms/internal/two_sum/two_sum.go:5.25,8.9 3 5
github.com/ashtanko/go-algorithms/internal/two_sum/two_sum.go:8.9,10.4 1 2
github.com/ashtanko/go-algorithms/internal/valid_parentheses/valid_parentheses.go:3.40,5.34 1 11
github.com/ashtanko/go-algorithms/internal/valid_parentheses/valid_parentheses.go:9.2,16.22 3 8
github.com/ashtanko/go-algorithms/internal/valid_parentheses/valid_parentheses.go:26.2,26.24 1 5
github.com/ashtanko/go-algorithms/internal/valid_parentheses/valid_parentheses.go:5.34,7.3 1 3
github.com/ashtanko/go-algorithms/internal/valid_parentheses/valid_parentheses.go:16.22,17.28 1 38
github.com/ashtanko/go-algorithms/internal/valid_parentheses/valid_parentheses.go:17.28,19.4 1 19
github.com/ashtanko/go-algorithms/internal/valid_parentheses/valid_parentheses.go:19.9,19.64 1 19
github.com/ashtanko/go-algorithms/internal/valid_parentheses/valid_parentheses.go:19.64,21.4 1 3
github.com/ashtanko/go-algorithms/internal/valid_parentheses/valid_parentheses.go:21.9,23.4 1 16
github.com/ashtanko/go-algorithms/internal/validate_bst/validate_bst.go:5.43,6.17 1 2
github.com/ashtanko/go-algorithms/internal/validate_bst/validate_bst.go:9.2,12.12 4 2
github.com/ashtanko/go-algorithms/internal/validate_bst/validate_bst.go:6.17,8.3 1 0
github.com/ashtanko/go-algorithms/internal/validate_bst/validate_bst.go:15.81,16.26 1 10
github.com/ashtanko/go-algorithms/internal/validate_bst/validate_bst.go:19.2,20.50 1 4
github.com/ashtanko/go-algorithms/internal/validate_bst/validate_bst.go:25.2,27.48 3 3
github.com/ashtanko/go-algorithms/internal/validate_bst/validate_bst.go:16.26,18.3 1 6
github.com/ashtanko/go-algorithms/internal/validate_bst/validate_bst.go:20.50,23.3 2 1
github.com/ashtanko/go-algorithms/internal/wiggle_max_length/wiggle_max_length.go:5.38,7.11 2 5
github.com/ashtanko/go-algorithms/internal/wiggle_max_length/wiggle_max_length.go:10.2,11.25 2 4
github.com/ashtanko/go-algorithms/internal/wiggle_max_length/wiggle_max_length.go:18.2,18.28 1 4
github.com/ashtanko/go-algorithms/internal/wiggle_max_length/wiggle_max_length.go:7.11,9.3 1 1
github.com/ashtanko/go-algorithms/internal/wiggle_max_length/wiggle_max_length.go:11.25,12.26 1 23
github.com/ashtanko/go-algorithms/internal/wiggle_max_length/wiggle_max_length.go:12.26,14.4 1 17
github.com/ashtanko/go-algorithms/internal/wiggle_max_length/wiggle_max_length.go:14.9,14.33 1 6
github.com/ashtanko/go-algorithms/internal/wiggle_max_length/wiggle_max_length.go:14.33,16.4 1 6
github.com/ashtanko/go-algorithms/internal/word_break/word_break.go:4.57,6.32 2 7
github.com/ashtanko/go-algorithms/internal/word_break/word_break.go:10.2,11.28 2 7
github.com/ashtanko/go-algorithms/internal/word_break/word_break.go:22.2,22.15 1 7
github.com/ashtanko/go-algorithms/internal/word_break/word_break.go:6.32,8.3 1 11
github.com/ashtanko/go-algorithms/internal/word_break/word_break.go:11.28,12.18 1 17
github.com/ashtanko/go-algorithms/internal/word_break/word_break.go:15.3,15.32 1 12
github.com/ashtanko/go-algorithms/internal/word_break/word_break.go:20.3,20.15 1 6
github.com/ashtanko/go-algorithms/internal/word_break/word_break.go:12.18,14.4 1 5
github.com/ashtanko/go-algorithms/internal/word_break/word_break.go:15.32,16.33 1 47
github.com/ashtanko/go-algorithms/internal/word_break/word_break.go:16.33,18.5 1 6
github.com/ashtanko/go-algorithms/internal/word_break/word_break.go:26.54,28.32 2 7
github.com/ashtanko/go-algorithms/internal/word_break/word_break.go:32.2,34.28 3 7
github.com/ashtanko/go-algorithms/internal/word_break/word_break.go:50.2,50.15 1 7
github.com/ashtanko/go-algorithms/internal/word_break/word_break.go:28.32,30.3 1 11
github.com/ashtanko/go-algorithms/internal/word_break/word_break.go:34.28,35.18 1 17
github.com/ashtanko/go-algorithms/internal/word_break/word_break.go:38.3,38.40 1 12
github.com/ashtanko/go-algorithms/internal/word_break/word_break.go:41.3,41.32 1 11
github.com/ashtanko/go-algorithms/internal/word_break/word_break.go:47.3,48.15 2 5
github.com/ashtanko/go-algorithms/internal/word_break/word_break.go:35.18,37.4 1 5
github.com/ashtanko/go-algorithms/internal/word_break/word_break.go:38.40,40.4 1 1
github.com/ashtanko/go-algorithms/internal/word_break/word_break.go:41.32,42.33 1 45
github.com/ashtanko/go-algorithms/internal/word_break/word_break.go:42.33,45.5 2 6
github.com/ashtanko/go-algorithms/internal/word_break/word_break.go:54.52,56.32 2 7
github.com/ashtanko/go-algorithms/internal/word_break/word_break.go:60.2,63.31 3 7
github.com/ashtanko/go-algorithms/internal/word_break/word_break.go:71.2,71.19 1 7
github.com/ashtanko/go-algorithms/internal/word_break/word_break.go:56.32,58.3 1 11
github.com/ashtanko/go-algorithms/internal/word_break/word_break.go:63.31,64.26 1 32
github.com/ashtanko/go-algorithms/internal/word_break/word_break.go:64.26,65.29 1 150
github.com/ashtanko/go-algorithms/internal/word_break/word_break.go:65.29,67.10 2 9
github.com/ashtanko/go-algorithms/internal/xor_operation/xor_operation.go:3.41,5.25 2 4
github.com/ashtanko/go-algorithms/internal/xor_operation/xor_operation.go:8.2,8.12 1 4
github.com/ashtanko/go-algorithms/internal/xor_operation/xor_operation.go:5.25,7.3 1 16
github.com/ashtanko/go-algorithms/utils/helper.go:10.85,12.2 1 4
github.com/ashtanko/go-algorithms/utils/helper.go:14.24,15.11 1 2
github.com/ashtanko/go-algorithms/utils/helper.go:15.11,17.3 1 1
github.com/ashtanko/go-algorithms/utils/helper.go:17.8,19.3 1 1
github.com/ashtanko/go-algorithms/utils/helper.go:22.24,23.11 1 2
github.com/ashtanko/go-algorithms/utils/helper.go:23.11,25.3 1 1
github.com/ashtanko/go-algorithms/utils/helper.go:25.8,27.3 1 1
github.com/ashtanko/go-algorithms/utils/helper.go:30.41,32.32 2 1
github.com/ashtanko/go-algorithms/utils/helper.go:35.2,35.12 1 1
github.com/ashtanko/go-algorithms/utils/helper.go:32.32,34.3 1 100
